<?xml version="1.0" encoding="UTF-8"?>
<!-- Generated by org.testng.reporters.JUnitXMLReporter -->
<testsuite hostname="Saifali-PC" name="Test - 1" tests="1" failures="1" timestamp="23 Oct 2017 18:50:30 GMT" time="1.712" errors="0">
  <testcase name="feature" time="0.311" classname="com.Cucumber.framework.runner.OrangeHRMSignInFeatureRunner">
    <failure type="cucumber.runtime.CucumberException" message="java.lang.NullPointerException: Name is null">
      <![CDATA[cucumber.runtime.CucumberException: java.lang.NullPointerException: Name is null
	at cucumber.api.testng.TestNGCucumberRunner.runCucumber(TestNGCucumberRunner.java:69)
	at cucumber.api.testng.AbstractTestNGCucumberTests.feature(AbstractTestNGCucumberTests.java:21)
Caused by: java.lang.NullPointerException: Name is null
	at java.lang.Enum.valueOf(Unknown Source)
	at com.Cucumber.framework.browserConfiguration.BrowserType.valueOf(BrowserType.java:1)
	at com.Cucumber.framework.configreader.PropertyFileReader.getBrowser(PropertyFileReader.java:56)
	at com.Cucumber.framework.helper.TestBase.TestBase.before(TestBase.java:75)
	at cucumber.runtime.Utils$1.call(Utils.java:40)
	at cucumber.runtime.Timeout.timeout(Timeout.java:16)
	at cucumber.runtime.Utils.invoke(Utils.java:34)
	at cucumber.runtime.java.JavaHookDefinition.execute(JavaHookDefinition.java:60)
	at cucumber.runtime.Runtime.runHookIfTagsMatch(Runtime.java:224)
	at cucumber.runtime.Runtime.runHooks(Runtime.java:212)
	at cucumber.runtime.Runtime.runBeforeHooks(Runtime.java:202)
	at cucumber.runtime.model.CucumberScenario.run(CucumberScenario.java:40)
	at cucumber.runtime.model.CucumberFeature.run(CucumberFeature.java:165)
	at cucumber.api.testng.TestNGCucumberRunner.runCucumber(TestNGCucumberRunner.java:63)
	... 25 more
... Removed 28 stack frames]]>
    </failure>
  </testcase> <!-- feature -->
</testsuite> <!-- Test - 1 -->
